<?xml version="1.0" encoding="UTF-8"?>
<!-- Generated by org.testng.reporters.JUnitReportReporter -->
<testsuite hostname="TYSS-Karthik" failures="0" tests="23" name="Tests.KB_Flow" time="99.172" errors="1" timestamp="2022-04-26T18:51:16 IST" skipped="1">
  <testcase classname="Tests.KB_Flow" name="loanEligibility" time="13.731"/>
  <system-out/>
  <testcase classname="Tests.KB_Flow" name="loanEligibilityAcceptLoanOffer" time="3.059">
    <error message="no such element: Unable to locate element: {&quot;method&quot;:&quot;xpath&quot;,&quot;selector&quot;:&quot;//span[text()=&quot;View Loan Offer&quot;]&quot;}
  (Session info: chrome=100.0.4896.127)
For documentation on this error, please visit: https://selenium.dev/exceptions/#no_such_element
Build info: version: &#039;4.1.3&#039;, revision: &#039;7b1ebf28ef&#039;
System info: host: &#039;TYSS-KARTHIK&#039;, ip: &#039;192.168.1.159&#039;, os.name: &#039;Windows 10&#039;, os.arch: &#039;amd64&#039;, os.version: &#039;10.0&#039;, java.version: &#039;17.0.2&#039;
Driver info: org.openqa.selenium.chrome.ChromeDriver
Command: [031357660fbc23319af4f313cfcb50a3, findElement {using=xpath, value=//span[text()=&quot;View Loan Offer&quot;]}]
Capabilities {acceptInsecureCerts: false, browserName: chrome, browserVersion: 100.0.4896.127, chrome: {chromedriverVersion: 99.0.4844.51 (d537ec02474b5..., userDataDir: C:\Users\user1\AppData\Loca...}, goog:chromeOptions: {debuggerAddress: localhost:61980}, javascriptEnabled: true, networkConnectionEnabled: false, pageLoadStrategy: normal, platform: WINDOWS, platformName: WINDOWS, proxy: Proxy(), se:cdp: ws://localhost:61980/devtoo..., se:cdpVersion: 100.0.4896.127, setWindowRect: true, strictFileInteractability: false, timeouts: {implicit: 0, pageLoad: 300000, script: 30000}, unhandledPromptBehavior: dismiss and notify, webauthn:extension:credBlob: true, webauthn:extension:largeBlob: true, webauthn:virtualAuthenticators: true}
Session ID: 031357660fbc23319af4f313cfcb50a3" type="org.openqa.selenium.NoSuchElementException">
      <![CDATA[org.openqa.selenium.NoSuchElementException: no such element: Unable to locate element: {"method":"xpath","selector":"//span[text()="View Loan Offer"]"}
  (Session info: chrome=100.0.4896.127)
For documentation on this error, please visit: https://selenium.dev/exceptions/#no_such_element
Build info: version: '4.1.3', revision: '7b1ebf28ef'
System info: host: 'TYSS-KARTHIK', ip: '192.168.1.159', os.name: 'Windows 10', os.arch: 'amd64', os.version: '10.0', java.version: '17.0.2'
Driver info: org.openqa.selenium.chrome.ChromeDriver
Command: [031357660fbc23319af4f313cfcb50a3, findElement {using=xpath, value=//span[text()="View Loan Offer"]}]
Capabilities {acceptInsecureCerts: false, browserName: chrome, browserVersion: 100.0.4896.127, chrome: {chromedriverVersion: 99.0.4844.51 (d537ec02474b5..., userDataDir: C:\Users\user1\AppData\Loca...}, goog:chromeOptions: {debuggerAddress: localhost:61980}, javascriptEnabled: true, networkConnectionEnabled: false, pageLoadStrategy: normal, platform: WINDOWS, platformName: WINDOWS, proxy: Proxy(), se:cdp: ws://localhost:61980/devtoo..., se:cdpVersion: 100.0.4896.127, setWindowRect: true, strictFileInteractability: false, timeouts: {implicit: 0, pageLoad: 300000, script: 30000}, unhandledPromptBehavior: dismiss and notify, webauthn:extension:credBlob: true, webauthn:extension:largeBlob: true, webauthn:virtualAuthenticators: true}
Session ID: 031357660fbc23319af4f313cfcb50a3
at java.base/jdk.internal.reflect.NativeConstructorAccessorImpl.newInstance0(Native Method)
at java.base/jdk.internal.reflect.NativeConstructorAccessorImpl.newInstance(NativeConstructorAccessorImpl.java:77)
at java.base/jdk.internal.reflect.DelegatingConstructorAccessorImpl.newInstance(DelegatingConstructorAccessorImpl.java:45)
at java.base/java.lang.reflect.Constructor.newInstanceWithCaller(Constructor.java:499)
at java.base/java.lang.reflect.Constructor.newInstance(Constructor.java:480)
at org.openqa.selenium.remote.codec.w3c.W3CHttpResponseCodec.createException(W3CHttpResponseCodec.java:200)
at org.openqa.selenium.remote.codec.w3c.W3CHttpResponseCodec.decode(W3CHttpResponseCodec.java:133)
at org.openqa.selenium.remote.codec.w3c.W3CHttpResponseCodec.decode(W3CHttpResponseCodec.java:53)
at org.openqa.selenium.remote.HttpCommandExecutor.execute(HttpCommandExecutor.java:184)
at org.openqa.selenium.remote.service.DriverCommandExecutor.invokeExecute(DriverCommandExecutor.java:167)
at org.openqa.selenium.remote.service.DriverCommandExecutor.execute(DriverCommandExecutor.java:142)
at org.openqa.selenium.remote.RemoteWebDriver.execute(RemoteWebDriver.java:567)
at org.openqa.selenium.remote.ElementLocation$ElementFinder$2.findElement(ElementLocation.java:162)
at org.openqa.selenium.remote.ElementLocation.findElement(ElementLocation.java:60)
at org.openqa.selenium.remote.RemoteWebDriver.findElement(RemoteWebDriver.java:385)
at org.openqa.selenium.remote.RemoteWebDriver.findElement(RemoteWebDriver.java:377)
at org.openqa.selenium.support.pagefactory.DefaultElementLocator.findElement(DefaultElementLocator.java:70)
at org.openqa.selenium.support.pagefactory.internal.LocatingElementHandler.invoke(LocatingElementHandler.java:39)
at jdk.proxy2/jdk.proxy2.$Proxy24.click(Unknown Source)
at Generic.UtilityMethods.clickAction(UtilityMethods.java:149)
at Pages.Loan_Eligibility_AcceptLoanOffer_12.clickOnViewLoanOffer(Loan_Eligibility_AcceptLoanOffer_12.java:23)
at Tests.KB_Flow.loanEligibilityAcceptLoanOffer(KB_Flow.java:321)
at java.base/jdk.internal.reflect.NativeMethodAccessorImpl.invoke0(Native Method)
at java.base/jdk.internal.reflect.NativeMethodAccessorImpl.invoke(NativeMethodAccessorImpl.java:77)
at java.base/jdk.internal.reflect.DelegatingMethodAccessorImpl.invoke(DelegatingMethodAccessorImpl.java:43)
at java.base/java.lang.reflect.Method.invoke(Method.java:568)
at org.testng.internal.MethodInvocationHelper.invokeMethod(MethodInvocationHelper.java:133)
at org.testng.internal.TestInvoker.invokeMethod(TestInvoker.java:598)
at org.testng.internal.TestInvoker.invokeTestMethod(TestInvoker.java:173)
at org.testng.internal.MethodRunner.runInSequence(MethodRunner.java:46)
at org.testng.internal.TestInvoker$MethodInvocationAgent.invoke(TestInvoker.java:824)
at org.testng.internal.TestInvoker.invokeTestMethods(TestInvoker.java:146)
at org.testng.internal.TestMethodWorker.invokeTestMethods(TestMethodWorker.java:146)
at org.testng.internal.TestMethodWorker.run(TestMethodWorker.java:128)
at java.base/java.util.ArrayList.forEach(ArrayList.java:1511)
at org.testng.TestRunner.privateRun(TestRunner.java:794)
at org.testng.TestRunner.run(TestRunner.java:596)
at org.testng.SuiteRunner.runTest(SuiteRunner.java:377)
at org.testng.SuiteRunner.runSequentially(SuiteRunner.java:371)
at org.testng.SuiteRunner.privateRun(SuiteRunner.java:332)
at org.testng.SuiteRunner.run(SuiteRunner.java:276)
at org.testng.SuiteRunnerWorker.runSuite(SuiteRunnerWorker.java:53)
at org.testng.SuiteRunnerWorker.run(SuiteRunnerWorker.java:96)
at org.testng.TestNG.runSuitesSequentially(TestNG.java:1212)
at org.testng.TestNG.runSuitesLocally(TestNG.java:1134)
at org.testng.TestNG.runSuites(TestNG.java:1063)
at org.testng.TestNG.run(TestNG.java:1031)
at org.testng.remote.AbstractRemoteTestNG.run(AbstractRemoteTestNG.java:115)
at org.testng.remote.RemoteTestNG.initAndRun(RemoteTestNG.java:251)
at org.testng.remote.RemoteTestNG.main(RemoteTestNG.java:77)
]]>
    </error>
  </testcase> <!-- loanEligibilityAcceptLoanOffer -->
  <system-out/>
  <testcase classname="Tests.KB_Flow" name="basicDetails" time="1.375"/>
  <system-out/>
  <testcase classname="Tests.KB_Flow" name="phoneNumberVerification" time="0.053"/>
  <system-out/>
  <testcase classname="Tests.KB_Flow" name="personalInformationScripts" time="1.182"/>
  <system-out/>
  <testcase classname="Tests.KB_Flow" name="personalInformationScripts" time="1.288"/>
  <system-out/>
  <testcase classname="Tests.KB_Flow" name="basicDetails" time="1.503"/>
  <system-out/>
  <testcase classname="Tests.KB_Flow" name="personalInformationScripts" time="1.201"/>
  <system-out/>
  <testcase classname="Tests.KB_Flow" name="checkbox" time="2.458"/>
  <system-out/>
  <testcase classname="Tests.KB_Flow" name="uploadAadhaar" time="16.814"/>
  <system-out/>
  <testcase classname="Tests.KB_Flow" name="verifyAddress" time="23.614"/>
  <system-out/>
  <testcase classname="Tests.KB_Flow" name="basicDetails" time="1.342"/>
  <system-out/>
  <testcase classname="Tests.KB_Flow" name="youveGotALoanOf" time="0.000">
    <skipped/>
  </testcase> <!-- youveGotALoanOf -->
  <system-out/>
  <testcase classname="Tests.KB_Flow" name="personalDetails" time="3.244"/>
  <system-out/>
  <testcase classname="Tests.KB_Flow" name="personalInformationScripts" time="1.205"/>
  <system-out/>
  <testcase classname="Tests.KB_Flow" name="basicDetails" time="1.364"/>
  <system-out/>
  <testcase classname="Tests.KB_Flow" name="loanOffer" time="2.715"/>
  <system-out/>
  <testcase classname="Tests.KB_Flow" name="businessDetails" time="2.157"/>
  <system-out/>
  <testcase classname="Tests.KB_Flow" name="personalInformationScripts" time="1.199"/>
  <system-out/>
  <testcase classname="Tests.KB_Flow" name="basicDetailsRadio" time="3.511"/>
  <system-out/>
  <testcase classname="Tests.KB_Flow" name="uploadSelfie" time="12.443"/>
  <system-out/>
  <testcase classname="Tests.KB_Flow" name="phoneNumberVerificationOTP" time="1.648"/>
  <system-out/>
  <testcase classname="Tests.KB_Flow" name="documentsForKYC" time="2.066"/>
  <system-out/>
</testsuite> <!-- Tests.KB_Flow -->
